Unable to init server: Could not connect: Connection refused
Unable to init server: Could not connect: Connection refused

(gen_v_pop_comp1.py:3239549): Gdk-CRITICAL **: 16:40:34.080: gdk_cursor_new_for_display: assertion 'GDK_IS_DISPLAY (display)' failed
Final gamma: 0.12551755658276417 Total loops: 2000 Energy: 4448.350870600955
Final gamma: 0.1255175565827639 Total loops: 2000 Energy: 4448.350634358926
Final gamma: 9.345137758997483e-07 Total loops: 1851 Energy: 4448.410420648327
Final gamma: 0.1255175565827641 Total loops: 2000 Energy: 4448.350642907244
Final gamma: 0.1255175565827641 Total loops: 2000 Energy: 4448.410420653305
Final gamma: 9.856547974706693e-07 Total loops: 1814 Energy: 4448.4345641060845
Final gamma: 0.1255175565827639 Total loops: 2000 Energy: 4448.410421961726
Final gamma: 0.1255175565827639 Total loops: 2000 Energy: 4448.350694472359
Final gamma: 0.1255175565827639 Total loops: 2000 Energy: 4448.350725755338
Final gamma: 0.1255175565827639 Total loops: 2000 Energy: 4448.350752826369
Final gamma: 0.12551755658276417 Total loops: 2000 Energy: 4448.485278851078
Final gamma: 0.12551755658276403 Total loops: 2000 Energy: 4448.350841981039
Final gamma: 0.125517556582764 Total loops: 2000 Energy: 4448.473293199231
Final gamma: 0.1255175565827639 Total loops: 2000 Energy: 4448.410420692262
Final gamma: 0.12551755658276378 Total loops: 2000 Energy: 4448.473520561427
Final gamma: 0.1255175565827639 Total loops: 2000 Energy: 4448.351191176379
Final gamma: 9.23044812697213e-07 Total loops: 1998 Energy: 4448.410420648626
Final gamma: 0.006568931614096741 Total loops: 2000 Energy: 4448.410420648225
Final gamma: 0.12551755658276412 Total loops: 2000 Energy: 4448.350686466158
Final gamma: 0.12551755658276412 Total loops: 2000 Energy: 4448.447233515885
Final gamma: 0.1255175565827638 Total loops: 2000 Energy: 4448.537096768006
Final gamma: 0.12551755658276398 Total loops: 2000 Energy: 4448.350634382554
Final gamma: 0.1255175565827639 Total loops: 2000 Energy: 4448.351430771415
Final gamma: 9.356350482446518e-07 Total loops: 1777 Energy: 4448.46648309457
Final gamma: 9.577483977182467e-07 Total loops: 1917 Energy: 4448.410420648268
Final gamma: 0.12551755658276403 Total loops: 2000 Energy: 4448.350634866872
Final gamma: 0.12551755658276378 Total loops: 2000 Energy: 4448.350726930176
Final gamma: 0.04376526583444173 Total loops: 2000 Energy: 4448.473705409015
Final gamma: 0.12551755658276378 Total loops: 2000 Energy: 4448.350868149451
Final gamma: 0.12551755658276378 Total loops: 2000 Energy: 4448.350675335318
Final gamma: 0.125517556582764 Total loops: 2000 Energy: 4448.410420677735
Final gamma: 0.12551755658276417 Total loops: 2000 Energy: 4448.351438504141
Final gamma: 0.1255175565827641 Total loops: 2000 Energy: 4448.473513321176
Final gamma: 0.125517556582764 Total loops: 2000 Energy: 4448.447274023902
Final gamma: 0.1255175565827639 Total loops: 2000 Energy: 4448.350642551086
Final gamma: 0.1255175565827641 Total loops: 2000 Energy: 4448.489681295888
Final gamma: 0.12551755658276378 Total loops: 2000 Energy: 4448.447244719319
Final gamma: 9.2421628926636e-07 Total loops: 1744 Energy: 4448.480183896738
Final gamma: 0.1255175565827641 Total loops: 2000 Energy: 4448.496680466499
Final gamma: 9.284671417020191e-07 Total loops: 1988 Energy: 4448.487303787669
Final gamma: 0.1255175565827639 Total loops: 2000 Energy: 4448.3506880172245
Final gamma: 9.585549768320635e-07 Total loops: 1250 Energy: 4448.434564106273
Final gamma: 0.1255175565827639 Total loops: 2000 Energy: 4448.350634521972
Final gamma: 0.12551755658276417 Total loops: 2000 Energy: 4448.485774371157
Final gamma: 0.1255175565827639 Total loops: 2000 Energy: 4448.352297684146
Final gamma: 9.755471951585953e-07 Total loops: 1220 Energy: 4448.420884595374
Final gamma: 9.53836226988378e-07 Total loops: 1906 Energy: 4448.466483094301
Final gamma: 0.12551755658276378 Total loops: 2000 Energy: 4448.350637930413
Final gamma: 0.12551755658276412 Total loops: 2000 Energy: 4448.442019405382
Final gamma: 0.12551755658276428 Total loops: 2000 Energy: 4448.628160015426
Starting Pop Energy [4448.350870600955, 4448.350634358926, 4448.410420648327, 4448.350642907244, 4448.410420653305, 4448.4345641060845, 4448.410421961726, 4448.350694472359, 4448.350725755338, 4448.350752826369, 4448.485278851078, 4448.350841981039, 4448.473293199231, 4448.410420692262, 4448.473520561427, 4448.351191176379, 4448.410420648626, 4448.410420648225, 4448.350686466158, 4448.447233515885, 4448.537096768006, 4448.350634382554, 4448.351430771415, 4448.46648309457, 4448.410420648268, 4448.350634866872, 4448.350726930176, 4448.473705409015, 4448.350868149451, 4448.350675335318, 4448.410420677735, 4448.351438504141, 4448.473513321176, 4448.447274023902, 4448.350642551086, 4448.489681295888, 4448.447244719319, 4448.480183896738, 4448.496680466499, 4448.487303787669, 4448.3506880172245, 4448.434564106273, 4448.350634521972, 4448.485774371157, 4448.352297684146, 4448.420884595374, 4448.466483094301, 4448.350637930413, 4448.442019405382, 4448.628160015426]
Generation: 0 Energy Average: 4448.412853187448 Energy Min: 4448.350634358926
Final Population Energy: [4448.350870600955, 4448.350634358926, 4448.410420648327, 4448.350642907244, 4448.410420653305, 4448.4345641060845, 4448.410421961726, 4448.350694472359, 4448.350725755338, 4448.350752826369, 4448.485278851078, 4448.350841981039, 4448.473293199231, 4448.410420692262, 4448.473520561427, 4448.351191176379, 4448.410420648626, 4448.410420648225, 4448.350686466158, 4448.447233515885, 4448.537096768006, 4448.350634382554, 4448.351430771415, 4448.46648309457, 4448.410420648268, 4448.350634866872, 4448.350726930176, 4448.473705409015, 4448.350868149451, 4448.350675335318, 4448.410420677735, 4448.351438504141, 4448.473513321176, 4448.447274023902, 4448.350642551086, 4448.489681295888, 4448.447244719319, 4448.480183896738, 4448.496680466499, 4448.487303787669, 4448.3506880172245, 4448.434564106273, 4448.350634521972, 4448.485774371157, 4448.352297684146, 4448.420884595374, 4448.466483094301, 4448.350637930413, 4448.442019405382, 4448.628160015426]
Generation List: ['p', 'p', 'p', 'p', 'p', 'p', 'p', 'p', 'p', 'p', 'p', 'p', 'p', 'p', 'p', 'p', 'p', 'p', 'p', 'p', 'p', 'p', 'p', 'p', 'p', 'p', 'p', 'p', 'p', 'p', 'p', 'p', 'p', 'p', 'p', 'p', 'p', 'p', 'p', 'p', 'p', 'p', 'p', 'p', 'p', 'p', 'p', 'p', 'p', 'p']
Traceback (most recent call last):
  File "gen_v_pop_comp1.py", line 95, in <module>
    np.savetxt('/Users/samcampion/Documents/University/Uni Y3/Project/Python Stuff/gen_energy_min_1.txt',energy_min_list,fmt='%s')
  File "<__array_function__ internals>", line 200, in savetxt
  File "/home2/fsgf66/.local/lib/python3.8/site-packages/numpy/lib/npyio.py", line 1541, in savetxt
    open(fname, 'wt').close()
FileNotFoundError: [Errno 2] No such file or directory: '/Users/samcampion/Documents/University/Uni Y3/Project/Python Stuff/gen_energy_min_1.txt'
srun: error: cpu5: task 0: Exited with exit code 1
